<?xml version="1.0" encoding="UTF-8"?>
<!-- Generated by org.testng.reporters.JUnitXMLReporter -->
<testsuite ignored="0" hostname="LTIN388467" failures="0" tests="4" name="Default test" time="15.974" errors="0" timestamp="2023-12-05T15:27:02 IST">
  <testcase classname="pages.homeLoginPage" name="verifyhomePageTitle" time="0.024"/>
  <testcase classname="pages.homeLoginPage" name="verifyLoginButton" time="0.238"/>
  <testcase classname="pages.homeLoginPage" name="verifyMobileFieldBox" time="0.06"/>
  <testcase classname="pages.homeLoginPage" name="correctMobileNo" time="8.884"/>
</testsuite> <!-- Default test -->
